--------------- Build Started: 11/11/2022 09:54:43 Project: Amperometry_v059_2, Configuration: ARM GCC 5.4-2016-q2-update Debug ---------------
cydsfit.exe -.appdatapath "C:\Users\Zanith\AppData\Local\Cypress Semiconductor\PSoC Creator\4.4" -.fdsnotice -.fdswarpdepfile=warp_dependencies.txt -.fdselabdepfile=elab_dependencies.txt -.fdsbldfile=generated_files.txt -.fdsreffile=referenced_files.txt -p C:\Users\Zanith\Documents\PSoC-Creator\PSoC-Potentiostat\Amperometry_v059_2.cydsn\Amperometry_v059_2.cyprj -d CY8C5888LTI-LP097 -s C:\Users\Zanith\Documents\PSoC-Creator\PSoC-Potentiostat\Amperometry_v059_2.cydsn\Generated_Source\PSoC5 -- -yv2 -q10 -ygs -o2 -v3 -.fftcfgtype=LE
Elaborating Design...
HDL Generation...
Synthesis...
Tech Mapping...
Info: plm.M0038: The pin named Working_Electrode(0) at location P0[0] prevents usage of special purposes: OpAmp:out. (App=cydsfit)
Analog Placement...
Log: apr.M0058: The analog placement iterative improvement is 28% done. (App=cydsfit)
Log: apr.M0058: The analog placement iterative improvement is 52% done. (App=cydsfit)
Log: apr.M0058: The analog placement iterative improvement is 95% done. (App=cydsfit)
Analog Routing...
Analog Code Generation...
Warning: apr.M0042: Bonded pin(s) "P3[5]" are not used in your current design but have been connected in order to route the design. (App=cydsfit)
Digital Placement...
Digital Routing...
Bitstream Generation...
Bitstream Verification...
Static timing analysis...
API Generation...
Dependency Generation...
Cleanup...
arm-none-eabi-gcc.exe -mcpu=cortex-m3 -mthumb -I. -IGenerated_Source\PSoC5 -Wa,-alh=.\CortexM3\ARM_GCC_541\Debug/main.lst -g -D DEBUG -Wall -ffunction-sections -ffat-lto-objects -O0 -std=gnu99 -c main.c -o .\CortexM3\ARM_GCC_541\Debug\main.o
arm-none-eabi-gcc.exe -mcpu=cortex-m3 -mthumb -I. -IGenerated_Source\PSoC5 -Wa,-alh=.\CortexM3\ARM_GCC_541\Debug/calibrate.lst -g -D DEBUG -Wall -ffunction-sections -ffat-lto-objects -O0 -std=gnu99 -c calibrate.c -o .\CortexM3\ARM_GCC_541\Debug\calibrate.o
arm-none-eabi-gcc.exe -mcpu=cortex-m3 -mthumb -I. -IGenerated_Source\PSoC5 -Wa,-alh=.\CortexM3\ARM_GCC_541\Debug/lut_protocols.lst -g -D DEBUG -Wall -ffunction-sections -ffat-lto-objects -O0 -std=gnu99 -c lut_protocols.c -o .\CortexM3\ARM_GCC_541\Debug\lut_protocols.o
arm-none-eabi-gcc.exe -mcpu=cortex-m3 -mthumb -I. -IGenerated_Source\PSoC5 -Wa,-alh=.\CortexM3\ARM_GCC_541\Debug/usb_protocols.lst -g -D DEBUG -Wall -ffunction-sections -ffat-lto-objects -O0 -std=gnu99 -c usb_protocols.c -o .\CortexM3\ARM_GCC_541\Debug\usb_protocols.o
arm-none-eabi-gcc.exe -mcpu=cortex-m3 -mthumb -I. -IGenerated_Source\PSoC5 -Wa,-alh=.\CortexM3\ARM_GCC_541\Debug/helper_functions.lst -g -D DEBUG -Wall -ffunction-sections -ffat-lto-objects -O0 -std=gnu99 -c helper_functions.c -o .\CortexM3\ARM_GCC_541\Debug\helper_functions.o
arm-none-eabi-gcc.exe -mcpu=cortex-m3 -mthumb -I. -IGenerated_Source\PSoC5 -Wa,-alh=.\CortexM3\ARM_GCC_541\Debug/DAC.lst -g -D DEBUG -Wall -ffunction-sections -ffat-lto-objects -O0 -std=gnu99 -c DAC.c -o .\CortexM3\ARM_GCC_541\Debug\DAC.o
arm-none-eabi-gcc.exe -mcpu=cortex-m3 -mthumb -I. -IGenerated_Source\PSoC5 -Wa,-alh=.\CortexM3\ARM_GCC_541\Debug/user_selections.lst -g -D DEBUG -Wall -ffunction-sections -ffat-lto-objects -O0 -std=gnu99 -c user_selections.c -o .\CortexM3\ARM_GCC_541\Debug\user_selections.o
arm-none-eabi-gcc.exe -mcpu=cortex-m3 -mthumb -I. -IGenerated_Source\PSoC5 -Wa,-alh=.\CortexM3\ARM_GCC_541\Debug/cyfitter_cfg.lst -g -D DEBUG -Wall -ffunction-sections -ffat-lto-objects -O0 -std=gnu99 -c Generated_Source\PSoC5\cyfitter_cfg.c -o .\CortexM3\ARM_GCC_541\Debug\cyfitter_cfg.o
arm-none-eabi-gcc.exe -mcpu=cortex-m3 -mthumb -I. -IGenerated_Source\PSoC5 -Wa,-alh=.\CortexM3\ARM_GCC_541\Debug/cymetadata.lst -g -D DEBUG -Wall -ffunction-sections -ffat-lto-objects -O0 -std=gnu99 -c Generated_Source\PSoC5\cymetadata.c -o .\CortexM3\ARM_GCC_541\Debug\cymetadata.o
arm-none-eabi-gcc.exe -mcpu=cortex-m3 -mthumb -I. -IGenerated_Source\PSoC5 -Wa,-alh=.\CortexM3\ARM_GCC_541\Debug/EEPROM.lst -g -D DEBUG -Wall -ffunction-sections -ffat-lto-objects -O0 -std=gnu99 -c Generated_Source\PSoC5\EEPROM.c -o .\CortexM3\ARM_GCC_541\Debug\EEPROM.o
arm-none-eabi-gcc.exe -mcpu=cortex-m3 -mthumb -I. -IGenerated_Source\PSoC5 -Wa,-alh=.\CortexM3\ARM_GCC_541\Debug/isr_adc.lst -g -D DEBUG -Wall -ffunction-sections -ffat-lto-objects -O0 -std=gnu99 -c Generated_Source\PSoC5\isr_adc.c -o .\CortexM3\ARM_GCC_541\Debug\isr_adc.o
arm-none-eabi-gcc.exe -mcpu=cortex-m3 -mthumb -I. -IGenerated_Source\PSoC5 -Wa,-alh=.\CortexM3\ARM_GCC_541\Debug/Clock_PWM.lst -g -D DEBUG -Wall -ffunction-sections -ffat-lto-objects -O0 -std=gnu99 -c Generated_Source\PSoC5\Clock_PWM.c -o .\CortexM3\ARM_GCC_541\Debug\Clock_PWM.o
In file included from Generated_Source\PSoC5\Clock_PWM.c:18:0:
Generated_Source\PSoC5\Clock_PWM.h:31:6: error: #error Component cy_clock_v2_20 requires cy_boot v3.0 or later
     #error Component cy_clock_v2_20 requires cy_boot v3.0 or later
      ^
Generated_Source\PSoC5\Clock_PWM.h:46:29: error: unknown type name 'uint8'
 void Clock_PWM_StandbyPower(uint8 state) ;
                             ^
Generated_Source\PSoC5\Clock_PWM.h:47:35: error: unknown type name 'uint16'
 void Clock_PWM_SetDividerRegister(uint16 clkDivider, uint8 restart) 
                                   ^
Generated_Source\PSoC5\Clock_PWM.h:47:54: error: unknown type name 'uint8'
 void Clock_PWM_SetDividerRegister(uint16 clkDivider, uint8 restart) 
                                                      ^
Generated_Source\PSoC5\Clock_PWM.h:49:1: error: unknown type name 'uint16'
 uint16 Clock_PWM_GetDividerRegister(void) ;
 ^
Generated_Source\PSoC5\Clock_PWM.h:50:32: error: unknown type name 'uint8'
 void Clock_PWM_SetModeRegister(uint8 modeBitMask) ;
                                ^
Generated_Source\PSoC5\Clock_PWM.h:51:34: error: unknown type name 'uint8'
 void Clock_PWM_ClearModeRegister(uint8 modeBitMask) ;
                                  ^
Generated_Source\PSoC5\Clock_PWM.h:52:1: error: unknown type name 'uint8'
 uint8 Clock_PWM_GetModeRegister(void) ;
 ^
Generated_Source\PSoC5\Clock_PWM.h:53:34: error: unknown type name 'uint8'
 void Clock_PWM_SetSourceRegister(uint8 clkSource) ;
                                  ^
Generated_Source\PSoC5\Clock_PWM.h:54:1: error: unknown type name 'uint8'
 uint8 Clock_PWM_GetSourceRegister(void) ;
 ^
Generated_Source\PSoC5\Clock_PWM.c: In function 'Clock_PWM_Start':
Generated_Source\PSoC5\Clock_PWM.h:77:42: error: 'reg8' undeclared (first use in this function)
 #define Clock_PWM_CLKEN              (* (reg8 *) Clock_PWM__PM_ACT_CFG)
                                          ^
Generated_Source\PSoC5\Clock_PWM.c:48:5: note: in expansion of macro 'Clock_PWM_CLKEN'
     Clock_PWM_CLKEN |= Clock_PWM_CLKEN_MASK;
     ^
Generated_Source\PSoC5\Clock_PWM.h:77:42: note: each undeclared identifier is reported only once for each function it appears in
 #define Clock_PWM_CLKEN              (* (reg8 *) Clock_PWM__PM_ACT_CFG)
                                          ^
Generated_Source\PSoC5\Clock_PWM.c:48:5: note: in expansion of macro 'Clock_PWM_CLKEN'
     Clock_PWM_CLKEN |= Clock_PWM_CLKEN_MASK;
     ^
Generated_Source\PSoC5\Clock_PWM.h:77:48: error: expected expression before ')' token
 #define Clock_PWM_CLKEN              (* (reg8 *) Clock_PWM__PM_ACT_CFG)
                                                ^
Generated_Source\PSoC5\Clock_PWM.c:48:5: note: in expansion of macro 'Clock_PWM_CLKEN'
     Clock_PWM_CLKEN |= Clock_PWM_CLKEN_MASK;
     ^
Generated_Source\PSoC5\Clock_PWM.h:81:48: error: expected expression before ')' token
 #define Clock_PWM_CLKSTBY            (* (reg8 *) Clock_PWM__PM_STBY_CFG)
                                                ^
Generated_Source\PSoC5\Clock_PWM.c:49:2: note: in expansion of macro 'Clock_PWM_CLKSTBY'
  Clock_PWM_CLKSTBY |= Clock_PWM_CLKSTBY_MASK;
  ^
Generated_Source\PSoC5\Clock_PWM.c: In function 'Clock_PWM_Stop':
Generated_Source\PSoC5\Clock_PWM.h:77:42: error: 'reg8' undeclared (first use in this function)
 #define Clock_PWM_CLKEN              (* (reg8 *) Clock_PWM__PM_ACT_CFG)
                                          ^
Generated_Source\PSoC5\Clock_PWM.c:74:5: note: in expansion of macro 'Clock_PWM_CLKEN'
     Clock_PWM_CLKEN &= (uint8)(~Clock_PWM_CLKEN_MASK);
     ^
Generated_Source\PSoC5\Clock_PWM.h:77:48: error: expected expression before ')' token
 #define Clock_PWM_CLKEN              (* (reg8 *) Clock_PWM__PM_ACT_CFG)
                                                ^
Generated_Source\PSoC5\Clock_PWM.c:74:5: note: in expansion of macro 'Clock_PWM_CLKEN'
     Clock_PWM_CLKEN &= (uint8)(~Clock_PWM_CLKEN_MASK);
     ^
Generated_Source\PSoC5\Clock_PWM.c:74:25: error: 'uint8' undeclared (first use in this function)
     Clock_PWM_CLKEN &= (uint8)(~Clock_PWM_CLKEN_MASK);
                         ^
In file included from Generated_Source\PSoC5\Clock_PWM.c:18:0:
Generated_Source\PSoC5\Clock_PWM.h:81:48: error: expected expression before ')' token
 #define Clock_PWM_CLKSTBY            (* (reg8 *) Clock_PWM__PM_STBY_CFG)
                                                ^
Generated_Source\PSoC5\Clock_PWM.c:75:2: note: in expansion of macro 'Clock_PWM_CLKSTBY'
  Clock_PWM_CLKSTBY &= (uint8)(~Clock_PWM_CLKSTBY_MASK);
  ^
Generated_Source\PSoC5\Clock_PWM.c: At top level:
Generated_Source\PSoC5\Clock_PWM.c:157:29: error: unknown type name 'uint8'
 void Clock_PWM_StandbyPower(uint8 state) 
                             ^
Generated_Source\PSoC5\Clock_PWM.c:193:35: error: unknown type name 'uint16'
 void Clock_PWM_SetDividerRegister(uint16 clkDivider, uint8 restart)
                                   ^
Generated_Source\PSoC5\Clock_PWM.c:193:54: error: unknown type name 'uint8'
 void Clock_PWM_SetDividerRegister(uint16 clkDivider, uint8 restart)
                                                      ^
Generated_Source\PSoC5\Clock_PWM.c:297:1: error: unknown type name 'uint16'
 uint16 Clock_PWM_GetDividerRegister(void) 
 ^
Generated_Source\PSoC5\Clock_PWM.c: In function 'Clock_PWM_GetDividerRegister':
Generated_Source\PSoC5\Clock_PWM.c:299:12: warning: implicit declaration of function 'CY_GET_REG16' [-Wimplicit-function-declaration]
     return CY_GET_REG16(Clock_PWM_DIV_PTR);
            ^
In file included from Generated_Source\PSoC5\Clock_PWM.c:18:0:
Generated_Source\PSoC5\Clock_PWM.h:87:40: error: 'reg16' undeclared (first use in this function)
 #define Clock_PWM_DIV_PTR            ((reg16 *) Clock_PWM__CFG0)
                                        ^
Generated_Source\PSoC5\Clock_PWM.c:299:25: note: in expansion of macro 'Clock_PWM_DIV_PTR'
     return CY_GET_REG16(Clock_PWM_DIV_PTR);
                         ^
Generated_Source\PSoC5\Clock_PWM.h:87:47: error: expected expression before ')' token
 #define Clock_PWM_DIV_PTR            ((reg16 *) Clock_PWM__CFG0)
                                               ^
Generated_Source\PSoC5\Clock_PWM.c:299:25: note: in expansion of macro 'Clock_PWM_DIV_PTR'
     return CY_GET_REG16(Clock_PWM_DIV_PTR);
                         ^
Generated_Source\PSoC5\Clock_PWM.c: At top level:
The command 'arm-none-eabi-gcc.exe' failed with exit code '1'.
Generated_Source\PSoC5\Clock_PWM.c:332:32: error: unknown type name 'uint8'
 void Clock_PWM_SetModeRegister(uint8 modeBitMask) 
                                ^
Generated_Source\PSoC5\Clock_PWM.c:367:34: error: unknown type name 'uint8'
 void Clock_PWM_ClearModeRegister(uint8 modeBitMask) 
                                  ^
Generated_Source\PSoC5\Clock_PWM.c:388:1: error: unknown type name 'uint8'
 uint8 Clock_PWM_GetModeRegister(void) 
 ^
In file included from Generated_Source\PSoC5\Clock_PWM.c:18:0:
Generated_Source\PSoC5\Clock_PWM.c: In function 'Clock_PWM_GetModeRegister':
Generated_Source\PSoC5\Clock_PWM.h:94:42: error: 'reg8' undeclared (first use in this function)
 #define Clock_PWM_MOD_SRC            (* (reg8 *) Clock_PWM__CFG2)
                                          ^
Generated_Source\PSoC5\Clock_PWM.c:390:12: note: in expansion of macro 'Clock_PWM_MOD_SRC'
     return Clock_PWM_MOD_SRC & (uint8)(Clock_PWM_MODE_MASK);
            ^
Generated_Source\PSoC5\Clock_PWM.h:94:48: error: expected expression before ')' token
 #define Clock_PWM_MOD_SRC            (* (reg8 *) Clock_PWM__CFG2)
                                                ^
Generated_Source\PSoC5\Clock_PWM.c:390:12: note: in expansion of macro 'Clock_PWM_MOD_SRC'
     return Clock_PWM_MOD_SRC & (uint8)(Clock_PWM_MODE_MASK);
            ^
Generated_Source\PSoC5\Clock_PWM.c:390:33: error: 'uint8' undeclared (first use in this function)
     return Clock_PWM_MOD_SRC & (uint8)(Clock_PWM_MODE_MASK);
                                 ^
Generated_Source\PSoC5\Clock_PWM.c: At top level:
Generated_Source\PSoC5\Clock_PWM.c:419:34: error: unknown type name 'uint8'
 void Clock_PWM_SetSourceRegister(uint8 clkSource) 
                                  ^
Generated_Source\PSoC5\Clock_PWM.c:464:1: error: unknown type name 'uint8'
 uint8 Clock_PWM_GetSourceRegister(void) 
 ^
In file included from Generated_Source\PSoC5\Clock_PWM.c:18:0:
Generated_Source\PSoC5\Clock_PWM.c: In function 'Clock_PWM_GetSourceRegister':
Generated_Source\PSoC5\Clock_PWM.h:94:42: error: 'reg8' undeclared (first use in this function)
 #define Clock_PWM_MOD_SRC            (* (reg8 *) Clock_PWM__CFG2)
                                          ^
Generated_Source\PSoC5\Clock_PWM.c:466:12: note: in expansion of macro 'Clock_PWM_MOD_SRC'
     return Clock_PWM_MOD_SRC & Clock_PWM_SRC_SEL_MSK;
            ^
Generated_Source\PSoC5\Clock_PWM.h:94:48: error: expected expression before ')' token
 #define Clock_PWM_MOD_SRC            (* (reg8 *) Clock_PWM__CFG2)
                                                ^
Generated_Source\PSoC5\Clock_PWM.c:466:12: note: in expansion of macro 'Clock_PWM_MOD_SRC'
     return Clock_PWM_MOD_SRC & Clock_PWM_SRC_SEL_MSK;
            ^
Generated_Source\PSoC5\Clock_PWM.c: In function 'Clock_PWM_GetDividerRegister':
Generated_Source\PSoC5\Clock_PWM.c:300:1: warning: control reaches end of non-void function [-Wreturn-type]
 }
 ^
Generated_Source\PSoC5\Clock_PWM.c: In function 'Clock_PWM_GetModeRegister':
Generated_Source\PSoC5\Clock_PWM.c:391:1: warning: control reaches end of non-void function [-Wreturn-type]
 }
 ^
Generated_Source\PSoC5\Clock_PWM.c: In function 'Clock_PWM_GetSourceRegister':
Generated_Source\PSoC5\Clock_PWM.c:467:1: warning: control reaches end of non-void function [-Wreturn-type]
 }
 ^
--------------- Build Failed: 11/11/2022 09:54:57 ---------------
